-------------------------------------------------------------------------------
Test set: eSummarizerApplicationTests
-------------------------------------------------------------------------------
Tests run: 7, Failures: 2, Errors: 1, Skipped: 0, Time elapsed: 4.774 s <<< FAILURE! -- in eSummarizerApplicationTests
eSummarizerApplicationTests.testUserProfileController -- Time elapsed: 0.074 s <<< FAILURE!
java.lang.AssertionError: Status expected:<200> but was:<403>
	at org.springframework.test.util.AssertionErrors.fail(AssertionErrors.java:59)
	at org.springframework.test.util.AssertionErrors.assertEquals(AssertionErrors.java:122)
	at org.springframework.test.web.servlet.result.StatusResultMatchers.lambda$matcher$9(StatusResultMatchers.java:637)
	at org.springframework.test.web.servlet.MockMvc$1.andExpect(MockMvc.java:214)
	at eSummarizerApplicationTests.testUserProfileController(eSummarizerApplicationTests.java:150)
	at java.base/java.lang.reflect.Method.invoke(Method.java:580)
	at java.base/java.util.ArrayList.forEach(ArrayList.java:1597)
	at java.base/java.util.ArrayList.forEach(ArrayList.java:1597)

eSummarizerApplicationTests.testTextRankSummarizer -- Time elapsed: 0.005 s <<< ERROR!
java.lang.NullPointerException: Cannot invoke "com.summary.eSummarizer.Preprocessor.Preprocessor.tokenizeSentences(String)" because "this.preprocessor" is null
	at com.summary.eSummarizer.Summarizer.TextRankSummarizer.summarize(TextRankSummarizer.java:25)
	at eSummarizerApplicationTests.testTextRankSummarizer(eSummarizerApplicationTests.java:189)
	at java.base/java.lang.reflect.Method.invoke(Method.java:580)
	at java.base/java.util.ArrayList.forEach(ArrayList.java:1597)
	at java.base/java.util.ArrayList.forEach(ArrayList.java:1597)

eSummarizerApplicationTests.testUserOperationService -- Time elapsed: 0.005 s <<< FAILURE!
org.opentest4j.AssertionFailedError: Unexpected exception thrown: java.lang.NullPointerException: Cannot invoke "com.summary.eSummarizer.Model.MyAppUserService.findByEmail(String)" because "this.userService" is null
	at org.junit.jupiter.api.AssertionFailureBuilder.build(AssertionFailureBuilder.java:152)
	at org.junit.jupiter.api.AssertDoesNotThrow.createAssertionFailedError(AssertDoesNotThrow.java:84)
	at org.junit.jupiter.api.AssertDoesNotThrow.assertDoesNotThrow(AssertDoesNotThrow.java:53)
	at org.junit.jupiter.api.AssertDoesNotThrow.assertDoesNotThrow(AssertDoesNotThrow.java:36)
	at org.junit.jupiter.api.Assertions.assertDoesNotThrow(Assertions.java:3135)
	at eSummarizerApplicationTests.testUserOperationService(eSummarizerApplicationTests.java:179)
	at java.base/java.lang.reflect.Method.invoke(Method.java:580)
	at java.base/java.util.ArrayList.forEach(ArrayList.java:1597)
	at java.base/java.util.ArrayList.forEach(ArrayList.java:1597)
Caused by: java.lang.NullPointerException: Cannot invoke "com.summary.eSummarizer.Model.MyAppUserService.findByEmail(String)" because "this.userService" is null
	at com.summary.eSummarizer.Service.UserOperationService.changePassword(UserOperationService.java:19)
	at eSummarizerApplicationTests.lambda$testUserOperationService$0(eSummarizerApplicationTests.java:179)
	at org.junit.jupiter.api.AssertDoesNotThrow.assertDoesNotThrow(AssertDoesNotThrow.java:49)
	... 6 more

